<?xml version="1.0" encoding="UTF-8"?>
<!-- Generated by org.testng.reporters.JUnitReportReporter -->
<testsuite skipped="0" hostname="DESKTOP-BUN9KDN" name="test.com.packag.TestDemo" tests="2" failures="0" timestamp="2021-05-26T18:52:33 IST" time="0.021" errors="0">
  <testcase name="Username" time="0.013" classname="test.com.packag.TestDemo"/>
  <testcase name="password" time="0.008" classname="test.com.packag.TestDemo"/>
</testsuite> <!-- test.com.packag.TestDemo -->
