<?xml version="1.0" encoding="UTF-8"?>
<!-- Generated by org.testng.reporters.JUnitReportReporter -->
<testsuite skipped="0" hostname="DESKTOP-BUN9KDN" name="com.testNG.com.ExceptionTest" tests="1" failures="0" timestamp="2021-05-26T18:46:56 IST" time="2.033" errors="0">
  <testcase name="Demo" time="2.033" classname="com.testNG.com.ExceptionTest"/>
</testsuite> <!-- com.testNG.com.ExceptionTest -->
